2016/03/09 15:04:45 [D] LMS start running... 
2016/03/09 15:07:59 [D] LMS start running... 
2016/03/09 15:08:43 [D] Listener GC runing... 
2016/03/09 15:08:43 [D] LMS start running... 
2016/03/09 15:09:51 [D] Listener GC runing... 
2016/03/09 15:09:51 [D] LMS start running... 
2016/03/09 15:10:37 [D] Listener GC runing... 
2016/03/09 15:10:37 [D] LMS start running... 
2016/03/09 15:10:37 [asm_386.s:2287][I] Admin server Running on :8088
2016/03/09 15:12:08 [D] Listener GC runing... 
2016/03/09 15:12:08 [D] LMS start running... 
2016/03/09 15:12:29 [D] Listener GC runing... 
2016/03/09 15:12:29 [D] LMS start running... 
2016/03/09 15:12:29 [asm_386.s:2287][I] Admin server Running on :8088
2016/03/09 15:13:50 [D] Listener GC runing... 
2016/03/09 15:13:50 [D] LMS start running... 
2016/03/09 15:13:50 [asm_386.s:2287][I] Admin server Running on :8088
2016/03/09 15:13:50 [asm_386.s:2287][I] http server Running on :8080
2016/03/09 15:13:50 [asm_386.s:2287][I] https server Running on :8443
2016/03/09 15:14:50 [heartlistener.go:45][D] Listener GC runing... 
2016/03/09 15:15:50 [heartlistener.go:45][D] Listener GC runing... 
2016/03/09 15:16:50 [heartlistener.go:45][D] Listener GC runing... 
2016/03/09 15:17:50 [heartlistener.go:45][D] Listener GC runing... 
2016/03/09 15:18:50 [heartlistener.go:45][D] Listener GC runing... 
2016/03/09 15:19:50 [heartlistener.go:45][D] Listener GC runing... 
2016/03/09 15:20:50 [heartlistener.go:45][D] Listener GC runing... 
2016/03/09 15:21:50 [heartlistener.go:45][D] Listener GC runing... 
2016/03/09 15:22:50 [heartlistener.go:45][D] Listener GC runing... 
2016/03/09 15:23:50 [heartlistener.go:45][D] Listener GC runing... 
2016/03/09 15:24:50 [heartlistener.go:45][D] Listener GC runing... 
2016/03/09 15:25:50 [heartlistener.go:45][D] Listener GC runing... 
2016/03/09 15:26:50 [heartlistener.go:45][D] Listener GC runing... 
2016/03/09 15:27:50 [heartlistener.go:45][D] Listener GC runing... 
2016/03/09 15:28:50 [heartlistener.go:45][D] Listener GC runing... 
2016/03/09 15:29:50 [heartlistener.go:45][D] Listener GC runing... 
2016/03/09 15:30:50 [heartlistener.go:45][D] Listener GC runing... 
2016/03/09 15:31:50 [heartlistener.go:45][D] Listener GC runing... 
2016/03/09 15:32:50 [heartlistener.go:45][D] Listener GC runing... 
2016/03/09 15:33:50 [heartlistener.go:45][D] Listener GC runing... 
2016/03/09 15:34:50 [heartlistener.go:45][D] Listener GC runing... 
2016/03/09 15:35:28 [router.go:828][D] | GET        | /                                        | 46.875ms         | match      | /                                        | 
2016/03/09 15:35:28 [staticfile.go:51][W] Can't find/open the file:  /favicon.ico file not find 
2016/03/09 15:35:37 [login.go:49][I] Login failed! Once again! 
2016/03/09 15:35:37 [router.go:828][D] | POST       | /login                                   | 46.875ms         | match      | /login                                   | 
2016/03/09 15:35:37 [router.go:828][D] | GET        | /login/                                  | 0                | match      | /login                                   | 
2016/03/09 15:35:45 [login.go:49][I] Login failed! Once again! 
2016/03/09 15:35:45 [router.go:828][D] | POST       | /login                                   | 0                | match      | /login                                   | 
2016/03/09 15:35:45 [router.go:828][D] | GET        | /login/                                  | 31.25ms          | match      | /login                                   | 
2016/03/09 15:35:50 [heartlistener.go:45][D] Listener GC runing... 
2016/03/09 15:36:41 [login.go:49][I] Login failed! Once again! 
2016/03/09 15:36:41 [router.go:828][D] | POST       | /login                                   | 15.625ms         | match      | /login                                   | 
2016/03/09 15:36:41 [router.go:828][D] | GET        | /login/                                  | 0                | match      | /login                                   | 
2016/03/09 15:36:50 [heartlistener.go:45][D] Listener GC runing... 
2016/03/09 15:37:37 [login.go:31][I] user/pwd matched! 
2016/03/09 15:37:37 [router.go:853][C] the request url is  /login 
2016/03/09 15:37:37 [router.go:854][C] Handler crashed with error runtime error: invalid memory address or nil pointer dereference 
2016/03/09 15:37:37 [router.go:860][C] c:/go/src/runtime/asm_386.s:412 
2016/03/09 15:37:37 [router.go:860][C] c:/go/src/runtime/panic.go:387 
2016/03/09 15:37:37 [router.go:860][C] c:/go/src/runtime/panic.go:42 
2016/03/09 15:37:37 [router.go:860][C] c:/go/src/runtime/os_windows.go:42 
2016/03/09 15:37:37 [router.go:860][C] E:/GOPATH/src/github.com/astaxie/beego/controller.go:539 
2016/03/09 15:37:37 [router.go:860][C] E:/GOPATH/src/LMS/controllers/login.go:33 
2016/03/09 15:37:37 [router.go:860][C] E:/GOPATH/src/github.com/astaxie/beego/router.go:762 
2016/03/09 15:37:37 [router.go:860][C] c:/go/src/net/http/server.go:1703 
2016/03/09 15:37:37 [router.go:860][C] c:/go/src/net/http/server.go:1204 
2016/03/09 15:37:37 [router.go:860][C] c:/go/src/runtime/asm_386.s:2287 
2016/03/09 15:37:50 [heartlistener.go:45][D] Listener GC runing... 
2016/03/09 15:38:50 [heartlistener.go:45][D] Listener GC runing... 
2016/03/09 15:38:58 [D] Listener GC runing... 
2016/03/09 15:38:58 [D] LMS start running... 
2016/03/09 15:38:58 [asm_386.s:2287][I] Admin server Running on :8088
2016/03/09 15:38:58 [asm_386.s:2287][I] http server Running on :8080
2016/03/09 15:38:58 [asm_386.s:2287][I] https server Running on :8443
2016/03/09 15:39:04 [router.go:828][D] | GET        | /login                                   | 15.625ms         | match      | /login/                                  | 
2016/03/09 15:39:12 [login.go:31][I] user/pwd matched! 
2016/03/09 15:39:12 [router.go:853][C] the request url is  /login 
2016/03/09 15:39:12 [router.go:854][C] Handler crashed with error runtime error: invalid memory address or nil pointer dereference 
2016/03/09 15:39:12 [router.go:860][C] c:/go/src/runtime/asm_386.s:412 
2016/03/09 15:39:12 [router.go:860][C] c:/go/src/runtime/panic.go:387 
2016/03/09 15:39:12 [router.go:860][C] c:/go/src/runtime/panic.go:42 
2016/03/09 15:39:12 [router.go:860][C] c:/go/src/runtime/os_windows.go:42 
2016/03/09 15:39:12 [router.go:860][C] E:/GOPATH/src/github.com/astaxie/beego/controller.go:539 
2016/03/09 15:39:12 [router.go:860][C] E:/GOPATH/src/LMS/controllers/login.go:33 
2016/03/09 15:39:12 [router.go:860][C] E:/GOPATH/src/github.com/astaxie/beego/router.go:762 
2016/03/09 15:39:12 [router.go:860][C] c:/go/src/net/http/server.go:1703 
2016/03/09 15:39:12 [router.go:860][C] c:/go/src/net/http/server.go:1204 
2016/03/09 15:39:12 [router.go:860][C] c:/go/src/runtime/asm_386.s:2287 
2016/03/09 15:39:58 [heartlistener.go:45][D] Listener GC runing... 
2016/03/09 15:39:58 [router.go:828][D] | GET        | /login/                                  | 15.625ms         | match      | /login/                                  | 
2016/03/09 15:40:05 [login.go:31][I] user/pwd matched! 
2016/03/09 15:40:05 [router.go:853][C] the request url is  /login 
2016/03/09 15:40:05 [router.go:854][C] Handler crashed with error runtime error: invalid memory address or nil pointer dereference 
2016/03/09 15:40:05 [router.go:860][C] c:/go/src/runtime/asm_386.s:412 
2016/03/09 15:40:05 [router.go:860][C] c:/go/src/runtime/panic.go:387 
2016/03/09 15:40:05 [router.go:860][C] c:/go/src/runtime/panic.go:42 
2016/03/09 15:40:05 [router.go:860][C] c:/go/src/runtime/os_windows.go:42 
2016/03/09 15:40:05 [router.go:860][C] E:/GOPATH/src/github.com/astaxie/beego/controller.go:539 
2016/03/09 15:40:05 [router.go:860][C] E:/GOPATH/src/LMS/controllers/login.go:33 
2016/03/09 15:40:05 [router.go:860][C] E:/GOPATH/src/github.com/astaxie/beego/router.go:762 
2016/03/09 15:40:05 [router.go:860][C] c:/go/src/net/http/server.go:1703 
2016/03/09 15:40:05 [router.go:860][C] c:/go/src/net/http/server.go:1204 
2016/03/09 15:40:05 [router.go:860][C] c:/go/src/runtime/asm_386.s:2287 
2016/03/09 15:40:58 [heartlistener.go:45][D] Listener GC runing... 
2016/03/09 15:41:58 [heartlistener.go:45][D] Listener GC runing... 
2016/03/09 15:42:58 [heartlistener.go:45][D] Listener GC runing... 
2016/03/09 15:43:58 [heartlistener.go:45][D] Listener GC runing... 
2016/03/09 15:44:58 [heartlistener.go:45][D] Listener GC runing... 
2016/03/09 15:45:58 [heartlistener.go:45][D] Listener GC runing... 
2016/03/09 15:46:58 [heartlistener.go:45][D] Listener GC runing... 
2016/03/09 15:47:58 [heartlistener.go:45][D] Listener GC runing... 
2016/03/09 15:48:58 [heartlistener.go:45][D] Listener GC runing... 
2016/03/09 15:49:20 [staticfile.go:51][W] Can't find/open the file:  /favicon.ico file not find 
2016/03/09 15:49:50 [router.go:853][C] the request url is  /home 
2016/03/09 15:49:50 [router.go:854][C] Handler crashed with error runtime error: invalid memory address or nil pointer dereference 
2016/03/09 15:49:50 [router.go:860][C] c:/go/src/runtime/asm_386.s:412 
2016/03/09 15:49:50 [router.go:860][C] c:/go/src/runtime/panic.go:387 
2016/03/09 15:49:50 [router.go:860][C] c:/go/src/runtime/panic.go:42 
2016/03/09 15:49:50 [router.go:860][C] c:/go/src/runtime/os_windows.go:42 
2016/03/09 15:49:50 [router.go:860][C] E:/GOPATH/src/github.com/astaxie/beego/controller.go:547 
2016/03/09 15:49:50 [router.go:860][C] E:/GOPATH/src/LMS/controllers/home.go:13 
2016/03/09 15:49:50 [router.go:860][C] E:/GOPATH/src/github.com/astaxie/beego/router.go:760 
2016/03/09 15:49:50 [router.go:860][C] c:/go/src/net/http/server.go:1703 
2016/03/09 15:49:50 [router.go:860][C] c:/go/src/net/http/server.go:1204 
2016/03/09 15:49:50 [router.go:860][C] c:/go/src/runtime/asm_386.s:2287 
2016/03/09 15:49:58 [heartlistener.go:45][D] Listener GC runing... 
2016/03/09 15:50:45 [router.go:853][C] the request url is  /home.html 
2016/03/09 15:50:45 [router.go:854][C] Handler crashed with error runtime error: invalid memory address or nil pointer dereference 
2016/03/09 15:50:45 [router.go:860][C] c:/go/src/runtime/asm_386.s:412 
2016/03/09 15:50:45 [router.go:860][C] c:/go/src/runtime/panic.go:387 
2016/03/09 15:50:45 [router.go:860][C] c:/go/src/runtime/panic.go:42 
2016/03/09 15:50:45 [router.go:860][C] c:/go/src/runtime/os_windows.go:42 
2016/03/09 15:50:45 [router.go:860][C] E:/GOPATH/src/github.com/astaxie/beego/controller.go:547 
2016/03/09 15:50:45 [router.go:860][C] E:/GOPATH/src/LMS/controllers/home.go:13 
2016/03/09 15:50:45 [router.go:860][C] E:/GOPATH/src/github.com/astaxie/beego/router.go:760 
2016/03/09 15:50:45 [router.go:860][C] c:/go/src/net/http/server.go:1703 
2016/03/09 15:50:45 [router.go:860][C] c:/go/src/net/http/server.go:1204 
2016/03/09 15:50:45 [router.go:860][C] c:/go/src/runtime/asm_386.s:2287 
2016/03/09 15:50:49 [router.go:853][C] the request url is  /home.html 
2016/03/09 15:50:49 [router.go:854][C] Handler crashed with error runtime error: invalid memory address or nil pointer dereference 
2016/03/09 15:50:49 [router.go:860][C] c:/go/src/runtime/asm_386.s:412 
2016/03/09 15:50:49 [router.go:860][C] c:/go/src/runtime/panic.go:387 
2016/03/09 15:50:49 [router.go:860][C] c:/go/src/runtime/panic.go:42 
2016/03/09 15:50:49 [router.go:860][C] c:/go/src/runtime/os_windows.go:42 
2016/03/09 15:50:49 [router.go:860][C] E:/GOPATH/src/github.com/astaxie/beego/controller.go:547 
2016/03/09 15:50:49 [router.go:860][C] E:/GOPATH/src/LMS/controllers/home.go:13 
2016/03/09 15:50:49 [router.go:860][C] E:/GOPATH/src/github.com/astaxie/beego/router.go:760 
2016/03/09 15:50:49 [router.go:860][C] c:/go/src/net/http/server.go:1703 
2016/03/09 15:50:49 [router.go:860][C] c:/go/src/net/http/server.go:1204 
2016/03/09 15:50:49 [router.go:860][C] c:/go/src/runtime/asm_386.s:2287 
2016/03/09 15:50:58 [heartlistener.go:45][D] Listener GC runing... 
2016/03/09 15:51:58 [heartlistener.go:45][D] Listener GC runing... 
2016/03/09 15:52:58 [heartlistener.go:45][D] Listener GC runing... 
2016/03/09 15:53:58 [heartlistener.go:45][D] Listener GC runing... 
2016/03/09 15:54:58 [heartlistener.go:45][D] Listener GC runing... 
2016/03/09 15:55:58 [heartlistener.go:45][D] Listener GC runing... 
2016/03/09 15:56:58 [heartlistener.go:45][D] Listener GC runing... 
2016/03/09 15:57:58 [heartlistener.go:45][D] Listener GC runing... 
2016/03/09 15:58:58 [heartlistener.go:45][D] Listener GC runing... 
2016/03/09 15:59:58 [heartlistener.go:45][D] Listener GC runing... 
2016/03/09 16:00:49 [staticfile.go:51][W] Can't find/open the file:  /favicon.ico file not find 
2016/03/09 16:00:55 [router.go:828][D] | GET        | /login.html                              | 0                | match      | /login/                                  | 
2016/03/09 16:00:58 [heartlistener.go:45][D] Listener GC runing... 
2016/03/09 16:01:09 [login.go:31][I] user/pwd matched! 
2016/03/09 16:01:09 [router.go:853][C] the request url is  /login 
2016/03/09 16:01:09 [router.go:854][C] Handler crashed with error runtime error: invalid memory address or nil pointer dereference 
2016/03/09 16:01:09 [router.go:860][C] c:/go/src/runtime/asm_386.s:412 
2016/03/09 16:01:09 [router.go:860][C] c:/go/src/runtime/panic.go:387 
2016/03/09 16:01:09 [router.go:860][C] c:/go/src/runtime/panic.go:42 
2016/03/09 16:01:09 [router.go:860][C] c:/go/src/runtime/os_windows.go:42 
2016/03/09 16:01:09 [router.go:860][C] E:/GOPATH/src/github.com/astaxie/beego/controller.go:539 
2016/03/09 16:01:09 [router.go:860][C] E:/GOPATH/src/LMS/controllers/login.go:33 
2016/03/09 16:01:09 [router.go:860][C] E:/GOPATH/src/github.com/astaxie/beego/router.go:762 
2016/03/09 16:01:09 [router.go:860][C] c:/go/src/net/http/server.go:1703 
2016/03/09 16:01:09 [router.go:860][C] c:/go/src/net/http/server.go:1204 
2016/03/09 16:01:09 [router.go:860][C] c:/go/src/runtime/asm_386.s:2287 
2016/03/09 16:01:58 [heartlistener.go:45][D] Listener GC runing... 
2016/03/09 16:02:58 [heartlistener.go:45][D] Listener GC runing... 
2016/03/09 16:03:58 [heartlistener.go:45][D] Listener GC runing... 
2016/03/09 16:04:40 [router.go:853][C] the request url is  /home 
2016/03/09 16:04:40 [router.go:854][C] Handler crashed with error runtime error: invalid memory address or nil pointer dereference 
2016/03/09 16:04:40 [router.go:860][C] c:/go/src/runtime/asm_386.s:412 
2016/03/09 16:04:40 [router.go:860][C] c:/go/src/runtime/panic.go:387 
2016/03/09 16:04:40 [router.go:860][C] c:/go/src/runtime/panic.go:42 
2016/03/09 16:04:40 [router.go:860][C] c:/go/src/runtime/os_windows.go:42 
2016/03/09 16:04:40 [router.go:860][C] E:/GOPATH/src/github.com/astaxie/beego/controller.go:547 
2016/03/09 16:04:40 [router.go:860][C] E:/GOPATH/src/LMS/controllers/home.go:13 
2016/03/09 16:04:40 [router.go:860][C] E:/GOPATH/src/github.com/astaxie/beego/router.go:760 
2016/03/09 16:04:40 [router.go:860][C] c:/go/src/net/http/server.go:1703 
2016/03/09 16:04:40 [router.go:860][C] c:/go/src/net/http/server.go:1204 
2016/03/09 16:04:40 [router.go:860][C] c:/go/src/runtime/asm_386.s:2287 
2016/03/09 16:04:50 [router.go:828][D] | GET        | /login                                   | 0                | match      | /login/                                  | 
2016/03/09 16:04:58 [heartlistener.go:45][D] Listener GC runing... 
2016/03/09 16:05:08 [router.go:853][C] the request url is  //home 
2016/03/09 16:05:08 [router.go:854][C] Handler crashed with error runtime error: invalid memory address or nil pointer dereference 
2016/03/09 16:05:08 [router.go:860][C] c:/go/src/runtime/asm_386.s:412 
2016/03/09 16:05:08 [router.go:860][C] c:/go/src/runtime/panic.go:387 
2016/03/09 16:05:08 [router.go:860][C] c:/go/src/runtime/panic.go:42 
2016/03/09 16:05:08 [router.go:860][C] c:/go/src/runtime/os_windows.go:42 
2016/03/09 16:05:08 [router.go:860][C] E:/GOPATH/src/github.com/astaxie/beego/controller.go:547 
2016/03/09 16:05:08 [router.go:860][C] E:/GOPATH/src/LMS/controllers/home.go:13 
2016/03/09 16:05:08 [router.go:860][C] E:/GOPATH/src/github.com/astaxie/beego/router.go:760 
2016/03/09 16:05:08 [router.go:860][C] c:/go/src/net/http/server.go:1703 
2016/03/09 16:05:08 [router.go:860][C] c:/go/src/net/http/server.go:1204 
2016/03/09 16:05:08 [router.go:860][C] c:/go/src/runtime/asm_386.s:2287 
2016/03/09 16:05:17 [router.go:853][C] the request url is  /home 
2016/03/09 16:05:17 [router.go:854][C] Handler crashed with error runtime error: invalid memory address or nil pointer dereference 
2016/03/09 16:05:17 [router.go:860][C] c:/go/src/runtime/asm_386.s:412 
2016/03/09 16:05:17 [router.go:860][C] c:/go/src/runtime/panic.go:387 
2016/03/09 16:05:17 [router.go:860][C] c:/go/src/runtime/panic.go:42 
2016/03/09 16:05:17 [router.go:860][C] c:/go/src/runtime/os_windows.go:42 
2016/03/09 16:05:17 [router.go:860][C] E:/GOPATH/src/github.com/astaxie/beego/controller.go:547 
2016/03/09 16:05:17 [router.go:860][C] E:/GOPATH/src/LMS/controllers/home.go:13 
2016/03/09 16:05:17 [router.go:860][C] E:/GOPATH/src/github.com/astaxie/beego/router.go:760 
2016/03/09 16:05:17 [router.go:860][C] c:/go/src/net/http/server.go:1703 
2016/03/09 16:05:17 [router.go:860][C] c:/go/src/net/http/server.go:1204 
2016/03/09 16:05:17 [router.go:860][C] c:/go/src/runtime/asm_386.s:2287 
2016/03/09 16:05:58 [heartlistener.go:45][D] Listener GC runing... 
2016/03/09 16:06:58 [heartlistener.go:45][D] Listener GC runing... 
2016/03/09 16:07:03 [router.go:853][C] the request url is  /home 
2016/03/09 16:07:03 [router.go:854][C] Handler crashed with error runtime error: invalid memory address or nil pointer dereference 
2016/03/09 16:07:03 [router.go:860][C] c:/go/src/runtime/asm_386.s:412 
2016/03/09 16:07:03 [router.go:860][C] c:/go/src/runtime/panic.go:387 
2016/03/09 16:07:03 [router.go:860][C] c:/go/src/runtime/panic.go:42 
2016/03/09 16:07:03 [router.go:860][C] c:/go/src/runtime/os_windows.go:42 
2016/03/09 16:07:03 [router.go:860][C] E:/GOPATH/src/github.com/astaxie/beego/controller.go:547 
2016/03/09 16:07:03 [router.go:860][C] E:/GOPATH/src/LMS/controllers/home.go:13 
2016/03/09 16:07:03 [router.go:860][C] E:/GOPATH/src/github.com/astaxie/beego/router.go:760 
2016/03/09 16:07:03 [router.go:860][C] c:/go/src/net/http/server.go:1703 
2016/03/09 16:07:03 [router.go:860][C] c:/go/src/net/http/server.go:1204 
2016/03/09 16:07:03 [router.go:860][C] c:/go/src/runtime/asm_386.s:2287 
2016/03/09 16:07:58 [heartlistener.go:45][D] Listener GC runing... 
2016/03/09 16:08:58 [heartlistener.go:45][D] Listener GC runing... 
2016/03/09 16:09:58 [heartlistener.go:45][D] Listener GC runing... 
2016/03/09 16:10:58 [heartlistener.go:45][D] Listener GC runing... 
2016/03/09 16:11:58 [heartlistener.go:45][D] Listener GC runing... 
2016/03/09 16:12:58 [heartlistener.go:45][D] Listener GC runing... 
2016/03/09 16:13:58 [heartlistener.go:45][D] Listener GC runing... 
2016/03/09 16:14:58 [heartlistener.go:45][D] Listener GC runing... 
2016/03/09 16:15:58 [heartlistener.go:45][D] Listener GC runing... 
2016/03/09 16:16:58 [heartlistener.go:45][D] Listener GC runing... 
2016/03/09 16:17:58 [heartlistener.go:45][D] Listener GC runing... 
2016/03/09 16:18:58 [heartlistener.go:45][D] Listener GC runing... 
2016/03/09 16:19:58 [heartlistener.go:45][D] Listener GC runing... 
2016/03/09 16:20:58 [heartlistener.go:45][D] Listener GC runing... 
2016/03/09 16:21:22 [D] Listener GC runing... 
2016/03/09 16:21:24 [D] LMS start running... 
2016/03/09 16:21:24 [asm_386.s:2287][I] Admin server Running on :8088
2016/03/09 16:21:24 [asm_386.s:2287][I] http server Running on :8080
2016/03/09 16:21:24 [asm_386.s:2287][I] https server Running on :8443
2016/03/09 16:22:22 [heartlistener.go:45][D] Listener GC runing... 
2016/03/09 16:22:24 [router.go:853][C] the request url is  /home 
2016/03/09 16:22:24 [router.go:854][C] Handler crashed with error runtime error: invalid memory address or nil pointer dereference 
2016/03/09 16:22:24 [router.go:860][C] c:/go/src/runtime/asm_386.s:412 
2016/03/09 16:22:24 [router.go:860][C] c:/go/src/runtime/panic.go:387 
2016/03/09 16:22:24 [router.go:860][C] c:/go/src/runtime/panic.go:42 
2016/03/09 16:22:24 [router.go:860][C] c:/go/src/runtime/os_windows.go:42 
2016/03/09 16:22:24 [router.go:860][C] E:/GOPATH/src/github.com/astaxie/beego/controller.go:547 
2016/03/09 16:22:24 [router.go:860][C] E:/GOPATH/src/LMS/controllers/home.go:13 
2016/03/09 16:22:24 [router.go:860][C] E:/GOPATH/src/github.com/astaxie/beego/router.go:760 
2016/03/09 16:22:24 [router.go:860][C] c:/go/src/net/http/server.go:1703 
2016/03/09 16:22:24 [router.go:860][C] c:/go/src/net/http/server.go:1204 
2016/03/09 16:22:24 [router.go:860][C] c:/go/src/runtime/asm_386.s:2287 
2016/03/09 16:22:29 [staticfile.go:51][W] Can't find/open the file:  /favicon.ico file not find 
2016/03/09 16:22:30 [router.go:853][C] the request url is  /home 
2016/03/09 16:22:30 [router.go:854][C] Handler crashed with error runtime error: invalid memory address or nil pointer dereference 
2016/03/09 16:22:30 [router.go:860][C] c:/go/src/runtime/asm_386.s:412 
2016/03/09 16:22:30 [router.go:860][C] c:/go/src/runtime/panic.go:387 
2016/03/09 16:22:30 [router.go:860][C] c:/go/src/runtime/panic.go:42 
2016/03/09 16:22:30 [router.go:860][C] c:/go/src/runtime/os_windows.go:42 
2016/03/09 16:22:30 [router.go:860][C] E:/GOPATH/src/github.com/astaxie/beego/controller.go:547 
2016/03/09 16:22:30 [router.go:860][C] E:/GOPATH/src/LMS/controllers/home.go:13 
2016/03/09 16:22:30 [router.go:860][C] E:/GOPATH/src/github.com/astaxie/beego/router.go:760 
2016/03/09 16:22:30 [router.go:860][C] c:/go/src/net/http/server.go:1703 
2016/03/09 16:22:30 [router.go:860][C] c:/go/src/net/http/server.go:1204 
2016/03/09 16:22:30 [router.go:860][C] c:/go/src/runtime/asm_386.s:2287 
2016/03/09 16:22:34 [router.go:853][C] the request url is  /home 
2016/03/09 16:22:34 [router.go:854][C] Handler crashed with error runtime error: invalid memory address or nil pointer dereference 
2016/03/09 16:22:34 [router.go:860][C] c:/go/src/runtime/asm_386.s:412 
2016/03/09 16:22:34 [router.go:860][C] c:/go/src/runtime/panic.go:387 
2016/03/09 16:22:34 [router.go:860][C] c:/go/src/runtime/panic.go:42 
2016/03/09 16:22:34 [router.go:860][C] c:/go/src/runtime/os_windows.go:42 
2016/03/09 16:22:34 [router.go:860][C] E:/GOPATH/src/github.com/astaxie/beego/controller.go:547 
2016/03/09 16:22:34 [router.go:860][C] E:/GOPATH/src/LMS/controllers/home.go:13 
2016/03/09 16:22:34 [router.go:860][C] E:/GOPATH/src/github.com/astaxie/beego/router.go:760 
2016/03/09 16:22:34 [router.go:860][C] c:/go/src/net/http/server.go:1703 
2016/03/09 16:22:34 [router.go:860][C] c:/go/src/net/http/server.go:1204 
2016/03/09 16:22:34 [router.go:860][C] c:/go/src/runtime/asm_386.s:2287 
2016/03/09 16:23:22 [heartlistener.go:45][D] Listener GC runing... 
2016/03/09 16:24:22 [heartlistener.go:45][D] Listener GC runing... 
2016/03/09 16:25:22 [heartlistener.go:45][D] Listener GC runing... 
2016/03/09 16:26:22 [heartlistener.go:45][D] Listener GC runing... 
2016/03/09 16:27:22 [heartlistener.go:45][D] Listener GC runing... 
2016/03/09 16:28:22 [heartlistener.go:45][D] Listener GC runing... 
2016/03/09 16:29:22 [heartlistener.go:45][D] Listener GC runing... 
2016/03/09 16:30:22 [heartlistener.go:45][D] Listener GC runing... 
2016/03/09 16:31:22 [heartlistener.go:45][D] Listener GC runing... 
2016/03/09 16:32:22 [heartlistener.go:45][D] Listener GC runing... 
2016/03/09 16:33:22 [heartlistener.go:45][D] Listener GC runing... 
2016/03/09 16:34:22 [heartlistener.go:45][D] Listener GC runing... 
2016/03/09 16:35:22 [heartlistener.go:45][D] Listener GC runing... 
2016/03/09 16:36:22 [heartlistener.go:45][D] Listener GC runing... 
2016/03/09 16:37:22 [heartlistener.go:45][D] Listener GC runing... 
2016/03/09 16:38:22 [heartlistener.go:45][D] Listener GC runing... 
2016/03/09 16:39:22 [heartlistener.go:45][D] Listener GC runing... 
2016/03/09 16:40:22 [heartlistener.go:45][D] Listener GC runing... 
2016/03/09 16:41:22 [heartlistener.go:45][D] Listener GC runing... 
2016/03/09 16:42:22 [heartlistener.go:45][D] Listener GC runing... 
2016/03/09 16:43:22 [heartlistener.go:45][D] Listener GC runing... 
2016/03/09 16:44:22 [heartlistener.go:45][D] Listener GC runing... 
2016/03/09 16:45:22 [heartlistener.go:45][D] Listener GC runing... 
2016/03/09 16:46:22 [heartlistener.go:45][D] Listener GC runing... 
2016/03/09 16:47:22 [heartlistener.go:45][D] Listener GC runing... 
2016/03/09 16:48:22 [heartlistener.go:45][D] Listener GC runing... 
2016/03/09 16:49:22 [heartlistener.go:45][D] Listener GC runing... 
2016/03/09 16:50:22 [heartlistener.go:45][D] Listener GC runing... 
2016/03/09 16:50:44 [login.go:31][I] user/pwd matched! 
2016/03/09 16:50:44 [router.go:853][C] the request url is  /login 
2016/03/09 16:50:44 [router.go:854][C] Handler crashed with error runtime error: invalid memory address or nil pointer dereference 
2016/03/09 16:50:44 [router.go:860][C] c:/go/src/runtime/asm_386.s:412 
2016/03/09 16:50:44 [router.go:860][C] c:/go/src/runtime/panic.go:387 
2016/03/09 16:50:44 [router.go:860][C] c:/go/src/runtime/panic.go:42 
2016/03/09 16:50:44 [router.go:860][C] c:/go/src/runtime/os_windows.go:42 
2016/03/09 16:50:44 [router.go:860][C] E:/GOPATH/src/github.com/astaxie/beego/controller.go:539 
2016/03/09 16:50:44 [router.go:860][C] E:/GOPATH/src/LMS/controllers/login.go:33 
2016/03/09 16:50:44 [router.go:860][C] E:/GOPATH/src/github.com/astaxie/beego/router.go:762 
2016/03/09 16:50:44 [router.go:860][C] c:/go/src/net/http/server.go:1703 
2016/03/09 16:50:44 [router.go:860][C] c:/go/src/net/http/server.go:1204 
2016/03/09 16:50:44 [router.go:860][C] c:/go/src/runtime/asm_386.s:2287 
2016/03/09 16:51:22 [staticfile.go:51][W] Can't find/open the file:  /favicon.ico file not find 
2016/03/09 16:51:22 [heartlistener.go:45][D] Listener GC runing... 
2016/03/09 16:51:28 [router.go:853][C] the request url is  //home 
2016/03/09 16:51:28 [router.go:854][C] Handler crashed with error runtime error: invalid memory address or nil pointer dereference 
2016/03/09 16:51:28 [router.go:860][C] c:/go/src/runtime/asm_386.s:412 
2016/03/09 16:51:28 [router.go:860][C] c:/go/src/runtime/panic.go:387 
2016/03/09 16:51:28 [router.go:860][C] c:/go/src/runtime/panic.go:42 
2016/03/09 16:51:28 [router.go:860][C] c:/go/src/runtime/os_windows.go:42 
2016/03/09 16:51:28 [router.go:860][C] E:/GOPATH/src/github.com/astaxie/beego/controller.go:547 
2016/03/09 16:51:28 [router.go:860][C] E:/GOPATH/src/LMS/controllers/home.go:13 
2016/03/09 16:51:28 [router.go:860][C] E:/GOPATH/src/github.com/astaxie/beego/router.go:760 
2016/03/09 16:51:28 [router.go:860][C] c:/go/src/net/http/server.go:1703 
2016/03/09 16:51:28 [router.go:860][C] c:/go/src/net/http/server.go:1204 
2016/03/09 16:51:28 [router.go:860][C] c:/go/src/runtime/asm_386.s:2287 
2016/03/09 16:51:34 [router.go:853][C] the request url is  //home 
2016/03/09 16:51:34 [router.go:854][C] Handler crashed with error runtime error: invalid memory address or nil pointer dereference 
2016/03/09 16:51:34 [router.go:860][C] c:/go/src/runtime/asm_386.s:412 
2016/03/09 16:51:34 [router.go:860][C] c:/go/src/runtime/panic.go:387 
2016/03/09 16:51:34 [router.go:860][C] c:/go/src/runtime/panic.go:42 
2016/03/09 16:51:34 [router.go:860][C] c:/go/src/runtime/os_windows.go:42 
2016/03/09 16:51:34 [router.go:860][C] E:/GOPATH/src/github.com/astaxie/beego/controller.go:547 
2016/03/09 16:51:34 [router.go:860][C] E:/GOPATH/src/LMS/controllers/home.go:13 
2016/03/09 16:51:34 [router.go:860][C] E:/GOPATH/src/github.com/astaxie/beego/router.go:760 
2016/03/09 16:51:34 [router.go:860][C] c:/go/src/net/http/server.go:1703 
2016/03/09 16:51:34 [router.go:860][C] c:/go/src/net/http/server.go:1204 
2016/03/09 16:51:34 [router.go:860][C] c:/go/src/runtime/asm_386.s:2287 
2016/03/09 16:51:47 [router.go:853][C] the request url is  /home 
2016/03/09 16:51:47 [router.go:854][C] Handler crashed with error runtime error: invalid memory address or nil pointer dereference 
2016/03/09 16:51:47 [router.go:860][C] c:/go/src/runtime/asm_386.s:412 
2016/03/09 16:51:47 [router.go:860][C] c:/go/src/runtime/panic.go:387 
2016/03/09 16:51:47 [router.go:860][C] c:/go/src/runtime/panic.go:42 
2016/03/09 16:51:47 [router.go:860][C] c:/go/src/runtime/os_windows.go:42 
2016/03/09 16:51:47 [router.go:860][C] E:/GOPATH/src/github.com/astaxie/beego/controller.go:547 
2016/03/09 16:51:47 [router.go:860][C] E:/GOPATH/src/LMS/controllers/home.go:13 
2016/03/09 16:51:47 [router.go:860][C] E:/GOPATH/src/github.com/astaxie/beego/router.go:760 
2016/03/09 16:51:47 [router.go:860][C] c:/go/src/net/http/server.go:1703 
2016/03/09 16:51:47 [router.go:860][C] c:/go/src/net/http/server.go:1204 
2016/03/09 16:51:47 [router.go:860][C] c:/go/src/runtime/asm_386.s:2287 
2016/03/09 16:51:57 [router.go:828][D] | GET        | /login                                   | 46.875ms         | match      | /login/                                  | 
2016/03/09 16:52:03 [login.go:31][I] user/pwd matched! 
2016/03/09 16:52:03 [router.go:853][C] the request url is  /login 
2016/03/09 16:52:03 [router.go:854][C] Handler crashed with error runtime error: invalid memory address or nil pointer dereference 
2016/03/09 16:52:03 [router.go:860][C] c:/go/src/runtime/asm_386.s:412 
2016/03/09 16:52:03 [router.go:860][C] c:/go/src/runtime/panic.go:387 
2016/03/09 16:52:03 [router.go:860][C] c:/go/src/runtime/panic.go:42 
2016/03/09 16:52:03 [router.go:860][C] c:/go/src/runtime/os_windows.go:42 
2016/03/09 16:52:03 [router.go:860][C] E:/GOPATH/src/github.com/astaxie/beego/controller.go:539 
2016/03/09 16:52:03 [router.go:860][C] E:/GOPATH/src/LMS/controllers/login.go:33 
2016/03/09 16:52:03 [router.go:860][C] E:/GOPATH/src/github.com/astaxie/beego/router.go:762 
2016/03/09 16:52:03 [router.go:860][C] c:/go/src/net/http/server.go:1703 
2016/03/09 16:52:03 [router.go:860][C] c:/go/src/net/http/server.go:1204 
2016/03/09 16:52:03 [router.go:860][C] c:/go/src/runtime/asm_386.s:2287 
2016/03/09 16:52:22 [heartlistener.go:45][D] Listener GC runing... 
2016/03/09 16:53:22 [heartlistener.go:45][D] Listener GC runing... 
2016/03/09 16:54:22 [heartlistener.go:45][D] Listener GC runing... 
2016/03/09 16:55:22 [heartlistener.go:45][D] Listener GC runing... 
2016/03/09 16:56:22 [heartlistener.go:45][D] Listener GC runing... 
2016/03/09 16:57:16 [D] Listener GC runing... 
2016/03/09 16:57:17 [D] LMS start running... 
2016/03/09 16:57:17 [asm_386.s:2287][I] Admin server Running on :8088
2016/03/09 16:57:17 [asm_386.s:2287][I] http server Running on :8080
2016/03/09 16:57:17 [asm_386.s:2287][I] https server Running on :8443
2016/03/09 16:57:26 [router.go:828][D] | GET        | /                                        | 46.875ms         | match      | /                                        | 
2016/03/09 16:57:33 [login.go:31][I] user/pwd matched! 
2016/03/09 16:57:33 [router.go:853][C] the request url is  /login 
2016/03/09 16:57:33 [router.go:854][C] Handler crashed with error runtime error: invalid memory address or nil pointer dereference 
2016/03/09 16:57:33 [router.go:860][C] c:/go/src/runtime/asm_386.s:412 
2016/03/09 16:57:33 [router.go:860][C] c:/go/src/runtime/panic.go:387 
2016/03/09 16:57:33 [router.go:860][C] c:/go/src/runtime/panic.go:42 
2016/03/09 16:57:33 [router.go:860][C] c:/go/src/runtime/os_windows.go:42 
2016/03/09 16:57:33 [router.go:860][C] E:/GOPATH/src/github.com/astaxie/beego/controller.go:539 
2016/03/09 16:57:33 [router.go:860][C] E:/GOPATH/src/LMS/controllers/login.go:33 
2016/03/09 16:57:33 [router.go:860][C] E:/GOPATH/src/github.com/astaxie/beego/router.go:762 
2016/03/09 16:57:33 [router.go:860][C] c:/go/src/net/http/server.go:1703 
2016/03/09 16:57:33 [router.go:860][C] c:/go/src/net/http/server.go:1204 
2016/03/09 16:57:33 [router.go:860][C] c:/go/src/runtime/asm_386.s:2287 
2016/03/09 16:58:16 [heartlistener.go:45][D] Listener GC runing... 
2016/03/09 16:59:16 [heartlistener.go:45][D] Listener GC runing... 
2016/03/09 16:59:40 [D] Listener GC runing... 
2016/03/09 16:59:40 [D] LMS start running... 
2016/03/09 17:02:47 [D] Listener GC runing... 
2016/03/09 17:02:47 [D] LMS start running... 
2016/03/09 17:14:47 [D] Listener GC runing... 
2016/03/09 17:14:47 [D] LMS start running... 
2016/03/09 17:33:01 [D] Listener GC runing... 
2016/03/09 17:33:01 [D] LMS start running... 
2016/03/09 17:39:43 [D] Listener GC runing... 
2016/03/09 17:39:43 [D] LMS start running... 
2016/03/09 17:40:19 [D] Listener GC runing... 
2016/03/09 17:40:20 [D] LMS start running... 
2016/03/09 17:40:20 [asm_386.s:2287][I] Admin server Running on :8088
2016/03/09 17:40:20 [asm_386.s:2287][I] http server Running on :8080
2016/03/09 17:40:20 [asm_386.s:2287][I] https server Running on :8443
2016/03/09 17:40:35 [D] Listener GC runing... 
2016/03/09 17:40:36 [D] LMS start running... 
2016/03/09 17:41:55 [D] Listener GC runing... 
2016/03/09 17:41:55 [D] LMS start running... 
2016/03/09 17:41:55 [asm_386.s:2287][I] Admin server Running on :8088
2016/03/09 17:41:55 [asm_386.s:2287][I] http server Running on :8080
2016/03/09 17:41:55 [asm_386.s:2287][I] https server Running on :8443
2016/03/09 17:42:12 [D] Listener GC runing... 
2016/03/09 17:42:12 [D] LMS start running... 
2016/03/09 17:42:13 [asm_386.s:2287][I] Admin server Running on :8088
2016/03/09 17:42:13 [asm_386.s:2287][I] http server Running on :8080
2016/03/09 17:42:13 [asm_386.s:2287][I] https server Running on :8443
2016/03/09 17:42:41 [router.go:828][D] | GET        | /                                        | 531.25ms         | match      | /                                        | 
2016/03/09 17:42:59 [login.go:31][I] user/pwd matched! 
2016/03/09 17:43:00 [login.go:35][I] UpdateAdminStatus success! 
2016/03/09 17:43:00 [login.go:39][I] Login success! 
2016/03/09 17:43:00 [login.go:44][D] path= /home?CurUser=admin 
2016/03/09 17:43:00 [router.go:828][D] | POST       | /login                                   | 453.125ms        | match      | /login/                                  | 
2016/03/09 17:43:00 [home.go:19][D] session id= admin 
2016/03/09 17:43:00 [home.go:21][D] CurUser= admin 
2016/03/09 17:43:00 [router.go:828][D] | GET        | /home                                    | 0                | match      | /home                                    | 
2016/03/09 17:43:11 [home.go:19][D] session id= admin 
2016/03/09 17:43:11 [home.go:21][D] CurUser= admin 
2016/03/09 17:43:11 [router.go:828][D] | GET        | /home                                    | 15.625ms         | match      | /home                                    | 
2016/03/09 17:43:12 [heartlistener.go:45][D] Listener GC runing... 
2016/03/09 17:43:12 [deviceinfo.go:31][D] admin= admin 
2016/03/09 17:43:12 [router.go:828][D] | GET        | /deviceinfo                              | 15.625ms         | match      | /deviceinfo                              | 
2016/03/09 17:43:16 [search.go:40][D] device=         
2016/03/09 17:43:16 [router.go:828][D] | GET        | /search                                  | 15.625ms         | match      | /search                                  | 
2016/03/09 17:43:18 [operecord.go:25][D] admin= admin 
2016/03/09 17:43:18 [router.go:828][D] | GET        | /operecord                               | 15.625ms         | match      | /operecord                               | 
2016/03/09 17:43:19 [alarm.go:31][D] admin= admin 
2016/03/09 17:43:19 [alarm.go:35][D] mac=  
2016/03/09 17:43:19 [router.go:828][D] | GET        | /alarm                                   | 15.625ms         | match      | /alarm                                   | 
2016/03/09 17:43:20 [operecord.go:25][D] admin= admin 
2016/03/09 17:43:20 [router.go:828][D] | GET        | /operecord                               | 0                | match      | /operecord                               | 
2016/03/09 17:43:21 [search.go:40][D] device=         
2016/03/09 17:43:21 [router.go:828][D] | GET        | /search                                  | 0                | match      | /search                                  | 
2016/03/09 17:43:22 [deviceinfo.go:31][D] admin= admin 
2016/03/09 17:43:22 [router.go:828][D] | GET        | /deviceinfo                              | 15.625ms         | match      | /deviceinfo                              | 
2016/03/09 17:44:12 [heartlistener.go:45][D] Listener GC runing... 
2016/03/09 17:45:12 [heartlistener.go:45][D] Listener GC runing... 
2016/03/09 17:46:12 [heartlistener.go:45][D] Listener GC runing... 
2016/03/09 17:47:12 [heartlistener.go:45][D] Listener GC runing... 
2016/03/09 17:48:12 [heartlistener.go:45][D] Listener GC runing... 
2016/03/09 17:49:12 [heartlistener.go:45][D] Listener GC runing... 
2016/03/09 17:50:12 [heartlistener.go:45][D] Listener GC runing... 
2016/03/09 17:51:12 [heartlistener.go:45][D] Listener GC runing... 
2016/03/09 17:52:12 [heartlistener.go:45][D] Listener GC runing... 
2016/03/09 17:53:12 [heartlistener.go:45][D] Listener GC runing... 
2016/03/09 17:54:12 [heartlistener.go:45][D] Listener GC runing... 
2016/03/09 17:55:12 [heartlistener.go:45][D] Listener GC runing... 
2016/03/09 17:56:12 [heartlistener.go:45][D] Listener GC runing... 
2016/03/09 17:57:12 [heartlistener.go:45][D] Listener GC runing... 
2016/03/09 17:58:12 [heartlistener.go:45][D] Listener GC runing... 
2016/03/09 17:59:12 [heartlistener.go:45][D] Listener GC runing... 
2016/03/09 18:00:12 [heartlistener.go:45][D] Listener GC runing... 
2016/03/09 18:01:12 [heartlistener.go:45][D] Listener GC runing... 
2016/03/09 18:02:12 [heartlistener.go:45][D] Listener GC runing... 
2016/03/09 18:03:12 [heartlistener.go:45][D] Listener GC runing... 
2016/03/09 18:04:12 [heartlistener.go:45][D] Listener GC runing... 
2016/03/09 18:05:12 [heartlistener.go:45][D] Listener GC runing... 
2016/03/09 18:06:12 [heartlistener.go:45][D] Listener GC runing... 
2016/03/09 18:07:12 [heartlistener.go:45][D] Listener GC runing... 
2016/03/09 18:08:12 [heartlistener.go:45][D] Listener GC runing... 
2016/03/09 18:09:12 [heartlistener.go:45][D] Listener GC runing... 
2016/03/09 18:10:12 [heartlistener.go:45][D] Listener GC runing... 
2016/03/09 18:11:12 [heartlistener.go:45][D] Listener GC runing... 
2016/03/09 18:12:12 [heartlistener.go:45][D] Listener GC runing... 
2016/03/09 18:13:12 [heartlistener.go:45][D] Listener GC runing... 
2016/03/09 18:14:12 [heartlistener.go:45][D] Listener GC runing... 
2016/03/09 18:15:12 [heartlistener.go:45][D] Listener GC runing... 
2016/03/09 18:16:12 [heartlistener.go:45][D] Listener GC runing... 
2016/03/09 18:17:12 [heartlistener.go:45][D] Listener GC runing... 
2016/03/09 18:18:12 [heartlistener.go:45][D] Listener GC runing... 
2016/03/09 18:19:12 [heartlistener.go:45][D] Listener GC runing... 
2016/03/09 18:20:12 [heartlistener.go:45][D] Listener GC runing... 
2016/03/09 18:21:12 [heartlistener.go:45][D] Listener GC runing... 
2016/03/09 18:22:12 [heartlistener.go:45][D] Listener GC runing... 
2016/03/09 18:23:12 [heartlistener.go:45][D] Listener GC runing... 
2016/03/09 18:24:12 [heartlistener.go:45][D] Listener GC runing... 
2016/03/09 18:25:12 [heartlistener.go:45][D] Listener GC runing... 
2016/03/09 18:26:12 [heartlistener.go:45][D] Listener GC runing... 
2016/03/09 18:27:12 [heartlistener.go:45][D] Listener GC runing... 
2016/03/09 18:28:12 [heartlistener.go:45][D] Listener GC runing... 
2016/03/09 18:29:12 [heartlistener.go:45][D] Listener GC runing... 
2016/03/09 18:30:12 [heartlistener.go:45][D] Listener GC runing... 
2016/03/09 18:31:12 [heartlistener.go:45][D] Listener GC runing... 
2016/03/09 18:32:12 [heartlistener.go:45][D] Listener GC runing... 
2016/03/09 18:33:12 [heartlistener.go:45][D] Listener GC runing... 
2016/03/09 18:34:12 [heartlistener.go:45][D] Listener GC runing... 
2016/03/09 18:35:12 [heartlistener.go:45][D] Listener GC runing... 
2016/03/09 18:36:12 [heartlistener.go:45][D] Listener GC runing... 
2016/03/09 18:37:12 [heartlistener.go:45][D] Listener GC runing... 
2016/03/09 18:38:12 [heartlistener.go:45][D] Listener GC runing... 
2016/03/09 18:39:12 [heartlistener.go:45][D] Listener GC runing... 
2016/03/09 18:40:12 [heartlistener.go:45][D] Listener GC runing... 
2016/03/09 18:41:12 [heartlistener.go:45][D] Listener GC runing... 
2016/03/09 18:42:12 [heartlistener.go:45][D] Listener GC runing... 
2016/03/09 18:43:12 [heartlistener.go:45][D] Listener GC runing... 
2016/03/09 18:44:12 [heartlistener.go:45][D] Listener GC runing... 
2016/03/09 18:45:12 [heartlistener.go:45][D] Listener GC runing... 
2016/03/09 18:46:12 [heartlistener.go:45][D] Listener GC runing... 
2016/03/09 18:47:12 [heartlistener.go:45][D] Listener GC runing... 
2016/03/09 18:48:12 [heartlistener.go:45][D] Listener GC runing... 
2016/03/09 18:49:12 [heartlistener.go:45][D] Listener GC runing... 
2016/03/09 18:50:12 [heartlistener.go:45][D] Listener GC runing... 
2016/03/09 18:51:12 [heartlistener.go:45][D] Listener GC runing... 
2016/03/09 18:52:12 [heartlistener.go:45][D] Listener GC runing... 
2016/03/09 18:53:12 [heartlistener.go:45][D] Listener GC runing... 
2016/03/09 18:54:12 [heartlistener.go:45][D] Listener GC runing... 
2016/03/09 18:55:12 [heartlistener.go:45][D] Listener GC runing... 
2016/03/09 18:56:12 [heartlistener.go:45][D] Listener GC runing... 
2016/03/09 18:57:12 [heartlistener.go:45][D] Listener GC runing... 
2016/03/09 18:58:12 [heartlistener.go:45][D] Listener GC runing... 
2016/03/09 18:59:12 [heartlistener.go:45][D] Listener GC runing... 
2016/03/09 19:00:12 [heartlistener.go:45][D] Listener GC runing... 
2016/03/09 19:01:12 [heartlistener.go:45][D] Listener GC runing... 
2016/03/09 19:02:12 [heartlistener.go:45][D] Listener GC runing... 
2016/03/09 19:03:12 [heartlistener.go:45][D] Listener GC runing... 
2016/03/09 19:04:12 [heartlistener.go:45][D] Listener GC runing... 
2016/03/09 19:05:12 [heartlistener.go:45][D] Listener GC runing... 
2016/03/09 19:06:12 [heartlistener.go:45][D] Listener GC runing... 
2016/03/09 19:07:12 [heartlistener.go:45][D] Listener GC runing... 
2016/03/09 19:08:12 [heartlistener.go:45][D] Listener GC runing... 
2016/03/09 19:09:12 [heartlistener.go:45][D] Listener GC runing... 
2016/03/09 19:10:12 [heartlistener.go:45][D] Listener GC runing... 
2016/03/09 19:11:12 [heartlistener.go:45][D] Listener GC runing... 
2016/03/09 19:12:12 [heartlistener.go:45][D] Listener GC runing... 
2016/03/09 19:13:12 [heartlistener.go:45][D] Listener GC runing... 
2016/03/09 19:14:12 [heartlistener.go:45][D] Listener GC runing... 
2016/03/09 19:15:12 [heartlistener.go:45][D] Listener GC runing... 
2016/03/09 19:16:12 [heartlistener.go:45][D] Listener GC runing... 
2016/03/09 19:17:12 [heartlistener.go:45][D] Listener GC runing... 
2016/03/09 19:18:12 [heartlistener.go:45][D] Listener GC runing... 
2016/03/09 19:19:12 [heartlistener.go:45][D] Listener GC runing... 
2016/03/09 19:20:12 [heartlistener.go:45][D] Listener GC runing... 
2016/03/09 19:21:12 [heartlistener.go:45][D] Listener GC runing... 
2016/03/09 19:22:12 [heartlistener.go:45][D] Listener GC runing... 
2016/03/09 19:23:12 [heartlistener.go:45][D] Listener GC runing... 
2016/03/09 19:24:12 [heartlistener.go:45][D] Listener GC runing... 
2016/03/09 19:25:12 [heartlistener.go:45][D] Listener GC runing... 
2016/03/09 19:26:12 [heartlistener.go:45][D] Listener GC runing... 
2016/03/09 19:27:12 [heartlistener.go:45][D] Listener GC runing... 
2016/03/09 19:28:12 [heartlistener.go:45][D] Listener GC runing... 
2016/03/09 19:29:12 [heartlistener.go:45][D] Listener GC runing... 
2016/03/09 19:30:12 [heartlistener.go:45][D] Listener GC runing... 
2016/03/09 19:31:12 [heartlistener.go:45][D] Listener GC runing... 
2016/03/09 19:32:12 [heartlistener.go:45][D] Listener GC runing... 
2016/03/09 19:33:12 [heartlistener.go:45][D] Listener GC runing... 
2016/03/09 19:34:12 [heartlistener.go:45][D] Listener GC runing... 
2016/03/09 19:35:12 [heartlistener.go:45][D] Listener GC runing... 
2016/03/09 19:36:12 [heartlistener.go:45][D] Listener GC runing... 
2016/03/09 19:37:12 [heartlistener.go:45][D] Listener GC runing... 
2016/03/09 19:38:12 [heartlistener.go:45][D] Listener GC runing... 
2016/03/09 19:39:12 [heartlistener.go:45][D] Listener GC runing... 
2016/03/09 19:40:12 [heartlistener.go:45][D] Listener GC runing... 
2016/03/09 19:41:12 [heartlistener.go:45][D] Listener GC runing... 
2016/03/09 19:42:12 [heartlistener.go:45][D] Listener GC runing... 
2016/03/09 19:43:12 [heartlistener.go:45][D] Listener GC runing... 
2016/03/09 19:44:12 [heartlistener.go:45][D] Listener GC runing... 
2016/03/09 19:45:12 [heartlistener.go:45][D] Listener GC runing... 
2016/03/09 19:46:12 [heartlistener.go:45][D] Listener GC runing... 
2016/03/09 19:47:13 [heartlistener.go:45][D] Listener GC runing... 
2016/03/09 19:48:13 [heartlistener.go:45][D] Listener GC runing... 
2016/03/09 19:49:13 [heartlistener.go:45][D] Listener GC runing... 
2016/03/09 19:50:13 [heartlistener.go:45][D] Listener GC runing... 
2016/03/09 19:51:13 [heartlistener.go:45][D] Listener GC runing... 
2016/03/09 19:52:13 [heartlistener.go:45][D] Listener GC runing... 
2016/03/09 19:53:13 [heartlistener.go:45][D] Listener GC runing... 
2016/03/09 19:54:13 [heartlistener.go:45][D] Listener GC runing... 
2016/03/09 19:55:13 [heartlistener.go:45][D] Listener GC runing... 
2016/03/09 19:56:13 [heartlistener.go:45][D] Listener GC runing... 
2016/03/09 19:57:13 [heartlistener.go:45][D] Listener GC runing... 
2016/03/09 19:58:13 [heartlistener.go:45][D] Listener GC runing... 
2016/03/09 19:59:13 [heartlistener.go:45][D] Listener GC runing... 
2016/03/09 20:00:13 [heartlistener.go:45][D] Listener GC runing... 
2016/03/09 20:01:13 [heartlistener.go:45][D] Listener GC runing... 
2016/03/09 20:02:13 [heartlistener.go:45][D] Listener GC runing... 
2016/03/09 20:03:13 [heartlistener.go:45][D] Listener GC runing... 
2016/03/09 20:04:13 [heartlistener.go:45][D] Listener GC runing... 
2016/03/09 20:05:13 [heartlistener.go:45][D] Listener GC runing... 
2016/03/09 20:06:13 [heartlistener.go:45][D] Listener GC runing... 
2016/03/09 20:07:13 [heartlistener.go:45][D] Listener GC runing... 
2016/03/09 20:08:13 [heartlistener.go:45][D] Listener GC runing... 
2016/03/09 20:09:13 [heartlistener.go:45][D] Listener GC runing... 
2016/03/09 20:10:13 [heartlistener.go:45][D] Listener GC runing... 
2016/03/09 20:11:13 [heartlistener.go:45][D] Listener GC runing... 
2016/03/09 20:12:13 [heartlistener.go:45][D] Listener GC runing... 
2016/03/09 20:13:13 [heartlistener.go:45][D] Listener GC runing... 
2016/03/09 20:14:13 [heartlistener.go:45][D] Listener GC runing... 
2016/03/09 20:15:13 [heartlistener.go:45][D] Listener GC runing... 
2016/03/09 20:16:13 [heartlistener.go:45][D] Listener GC runing... 
2016/03/09 20:17:13 [heartlistener.go:45][D] Listener GC runing... 
2016/03/09 20:18:13 [heartlistener.go:45][D] Listener GC runing... 
2016/03/09 20:19:13 [heartlistener.go:45][D] Listener GC runing... 
2016/03/09 20:20:13 [heartlistener.go:45][D] Listener GC runing... 
2016/03/09 20:21:13 [heartlistener.go:45][D] Listener GC runing... 
2016/03/09 20:22:13 [heartlistener.go:45][D] Listener GC runing... 
2016/03/09 20:23:13 [heartlistener.go:45][D] Listener GC runing... 
2016/03/09 20:24:13 [heartlistener.go:45][D] Listener GC runing... 
2016/03/09 20:25:13 [heartlistener.go:45][D] Listener GC runing... 
2016/03/09 20:26:13 [heartlistener.go:45][D] Listener GC runing... 
2016/03/09 20:27:13 [heartlistener.go:45][D] Listener GC runing... 
2016/03/09 20:28:13 [heartlistener.go:45][D] Listener GC runing... 
2016/03/09 20:29:13 [heartlistener.go:45][D] Listener GC runing... 
2016/03/09 20:30:13 [heartlistener.go:45][D] Listener GC runing... 
2016/03/09 20:31:13 [heartlistener.go:45][D] Listener GC runing... 
2016/03/09 20:32:13 [heartlistener.go:45][D] Listener GC runing... 
2016/03/09 20:33:13 [heartlistener.go:45][D] Listener GC runing... 
2016/03/09 20:34:13 [heartlistener.go:45][D] Listener GC runing... 
2016/03/09 20:35:13 [heartlistener.go:45][D] Listener GC runing... 
2016/03/09 20:36:13 [heartlistener.go:45][D] Listener GC runing... 
2016/03/09 20:37:13 [heartlistener.go:45][D] Listener GC runing... 
2016/03/09 20:38:13 [heartlistener.go:45][D] Listener GC runing... 
2016/03/09 20:39:13 [heartlistener.go:45][D] Listener GC runing... 
2016/03/09 20:40:13 [heartlistener.go:45][D] Listener GC runing... 
2016/03/09 20:41:13 [heartlistener.go:45][D] Listener GC runing... 
2016/03/09 20:42:13 [heartlistener.go:45][D] Listener GC runing... 
2016/03/09 20:43:13 [heartlistener.go:45][D] Listener GC runing... 
2016/03/09 20:44:13 [heartlistener.go:45][D] Listener GC runing... 
2016/03/09 20:45:13 [heartlistener.go:45][D] Listener GC runing... 
2016/03/09 20:46:13 [heartlistener.go:45][D] Listener GC runing... 
2016/03/09 20:47:13 [heartlistener.go:45][D] Listener GC runing... 
2016/03/09 20:48:13 [heartlistener.go:45][D] Listener GC runing... 
2016/03/09 20:49:13 [heartlistener.go:45][D] Listener GC runing... 
2016/03/09 20:50:13 [heartlistener.go:45][D] Listener GC runing... 
2016/03/09 20:51:13 [heartlistener.go:45][D] Listener GC runing... 
2016/03/09 20:52:13 [heartlistener.go:45][D] Listener GC runing... 
2016/03/09 20:53:13 [heartlistener.go:45][D] Listener GC runing... 
2016/03/09 20:54:13 [heartlistener.go:45][D] Listener GC runing... 
2016/03/09 20:55:13 [heartlistener.go:45][D] Listener GC runing... 
2016/03/09 20:56:13 [heartlistener.go:45][D] Listener GC runing... 
2016/03/09 20:57:13 [heartlistener.go:45][D] Listener GC runing... 
2016/03/09 20:58:13 [heartlistener.go:45][D] Listener GC runing... 
2016/03/09 20:59:13 [heartlistener.go:45][D] Listener GC runing... 
2016/03/09 21:00:13 [heartlistener.go:45][D] Listener GC runing... 
2016/03/09 21:01:13 [heartlistener.go:45][D] Listener GC runing... 
2016/03/09 21:02:13 [heartlistener.go:45][D] Listener GC runing... 
2016/03/09 21:03:13 [heartlistener.go:45][D] Listener GC runing... 
2016/03/09 21:04:13 [heartlistener.go:45][D] Listener GC runing... 
2016/03/09 21:05:13 [heartlistener.go:45][D] Listener GC runing... 
2016/03/09 21:06:13 [heartlistener.go:45][D] Listener GC runing... 
2016/03/09 21:07:13 [heartlistener.go:45][D] Listener GC runing... 
2016/03/09 21:08:13 [heartlistener.go:45][D] Listener GC runing... 
2016/03/09 21:09:13 [heartlistener.go:45][D] Listener GC runing... 
2016/03/09 21:10:13 [heartlistener.go:45][D] Listener GC runing... 
2016/03/09 21:11:13 [heartlistener.go:45][D] Listener GC runing... 
2016/03/09 21:12:13 [heartlistener.go:45][D] Listener GC runing... 
2016/03/09 21:13:13 [heartlistener.go:45][D] Listener GC runing... 
2016/03/09 21:14:13 [heartlistener.go:45][D] Listener GC runing... 
2016/03/09 21:15:13 [heartlistener.go:45][D] Listener GC runing... 
2016/03/09 21:16:13 [heartlistener.go:45][D] Listener GC runing... 
2016/03/09 21:17:13 [heartlistener.go:45][D] Listener GC runing... 
2016/03/09 21:18:13 [heartlistener.go:45][D] Listener GC runing... 
2016/03/09 21:19:13 [heartlistener.go:45][D] Listener GC runing... 
2016/03/09 21:20:13 [heartlistener.go:45][D] Listener GC runing... 
2016/03/09 21:21:13 [heartlistener.go:45][D] Listener GC runing... 
2016/03/09 21:22:13 [heartlistener.go:45][D] Listener GC runing... 
2016/03/09 21:23:13 [heartlistener.go:45][D] Listener GC runing... 
2016/03/09 21:24:13 [heartlistener.go:45][D] Listener GC runing... 
2016/03/09 21:25:13 [heartlistener.go:45][D] Listener GC runing... 
2016/03/09 21:26:13 [heartlistener.go:45][D] Listener GC runing... 
2016/03/09 21:27:13 [heartlistener.go:45][D] Listener GC runing... 
2016/03/09 21:28:13 [heartlistener.go:45][D] Listener GC runing... 
2016/03/09 21:29:13 [heartlistener.go:45][D] Listener GC runing... 
2016/03/09 21:30:13 [heartlistener.go:45][D] Listener GC runing... 
2016/03/09 21:31:13 [heartlistener.go:45][D] Listener GC runing... 
2016/03/09 21:32:13 [heartlistener.go:45][D] Listener GC runing... 
2016/03/09 21:33:13 [heartlistener.go:45][D] Listener GC runing... 
2016/03/09 21:34:13 [heartlistener.go:45][D] Listener GC runing... 
2016/03/09 21:35:13 [heartlistener.go:45][D] Listener GC runing... 
2016/03/09 21:36:13 [heartlistener.go:45][D] Listener GC runing... 
2016/03/09 21:37:13 [heartlistener.go:45][D] Listener GC runing... 
2016/03/09 21:38:13 [heartlistener.go:45][D] Listener GC runing... 
2016/03/09 21:39:13 [heartlistener.go:45][D] Listener GC runing... 
2016/03/09 21:40:13 [heartlistener.go:45][D] Listener GC runing... 
2016/03/09 21:41:13 [heartlistener.go:45][D] Listener GC runing... 
2016/03/09 21:42:13 [heartlistener.go:45][D] Listener GC runing... 
2016/03/09 21:43:13 [heartlistener.go:45][D] Listener GC runing... 
2016/03/09 21:44:13 [heartlistener.go:45][D] Listener GC runing... 
2016/03/09 21:45:13 [heartlistener.go:45][D] Listener GC runing... 
2016/03/09 21:46:13 [heartlistener.go:45][D] Listener GC runing... 
2016/03/09 21:47:13 [heartlistener.go:45][D] Listener GC runing... 
2016/03/09 21:48:13 [heartlistener.go:45][D] Listener GC runing... 
2016/03/09 21:49:13 [heartlistener.go:45][D] Listener GC runing... 
2016/03/09 21:50:13 [heartlistener.go:45][D] Listener GC runing... 
2016/03/09 21:51:13 [heartlistener.go:45][D] Listener GC runing... 
2016/03/09 21:52:13 [heartlistener.go:45][D] Listener GC runing... 
2016/03/09 21:53:13 [heartlistener.go:45][D] Listener GC runing... 
2016/03/09 21:54:13 [heartlistener.go:45][D] Listener GC runing... 
2016/03/09 21:55:13 [heartlistener.go:45][D] Listener GC runing... 
2016/03/09 21:56:13 [heartlistener.go:45][D] Listener GC runing... 
2016/03/09 21:57:13 [heartlistener.go:45][D] Listener GC runing... 
2016/03/09 21:58:13 [heartlistener.go:45][D] Listener GC runing... 
2016/03/09 21:59:13 [heartlistener.go:45][D] Listener GC runing... 
2016/03/09 22:00:13 [heartlistener.go:45][D] Listener GC runing... 
2016/03/09 22:01:13 [heartlistener.go:45][D] Listener GC runing... 
2016/03/09 22:02:13 [heartlistener.go:45][D] Listener GC runing... 
2016/03/09 22:03:13 [heartlistener.go:45][D] Listener GC runing... 
2016/03/09 22:04:13 [heartlistener.go:45][D] Listener GC runing... 
2016/03/09 22:05:13 [heartlistener.go:45][D] Listener GC runing... 
2016/03/09 22:06:13 [heartlistener.go:45][D] Listener GC runing... 
2016/03/09 22:07:13 [heartlistener.go:45][D] Listener GC runing... 
2016/03/09 22:08:13 [heartlistener.go:45][D] Listener GC runing... 
2016/03/09 22:09:13 [heartlistener.go:45][D] Listener GC runing... 
2016/03/09 22:10:13 [heartlistener.go:45][D] Listener GC runing... 
2016/03/09 22:11:13 [heartlistener.go:45][D] Listener GC runing... 
2016/03/09 22:12:13 [heartlistener.go:45][D] Listener GC runing... 
2016/03/09 22:13:13 [heartlistener.go:45][D] Listener GC runing... 
2016/03/09 22:14:13 [heartlistener.go:45][D] Listener GC runing... 
2016/03/09 22:15:13 [heartlistener.go:45][D] Listener GC runing... 
2016/03/09 22:16:13 [heartlistener.go:45][D] Listener GC runing... 
2016/03/09 22:17:13 [heartlistener.go:45][D] Listener GC runing... 
2016/03/09 22:18:13 [heartlistener.go:45][D] Listener GC runing... 
2016/03/09 22:19:13 [heartlistener.go:45][D] Listener GC runing... 
2016/03/09 22:20:13 [heartlistener.go:45][D] Listener GC runing... 
2016/03/09 22:21:13 [heartlistener.go:45][D] Listener GC runing... 
2016/03/09 22:22:13 [heartlistener.go:45][D] Listener GC runing... 
2016/03/09 22:23:13 [heartlistener.go:45][D] Listener GC runing... 
2016/03/09 22:24:13 [heartlistener.go:45][D] Listener GC runing... 
2016/03/09 22:25:13 [heartlistener.go:45][D] Listener GC runing... 
2016/03/09 22:26:13 [heartlistener.go:45][D] Listener GC runing... 
2016/03/09 22:27:13 [heartlistener.go:45][D] Listener GC runing... 
2016/03/09 22:28:13 [heartlistener.go:45][D] Listener GC runing... 
2016/03/09 22:29:13 [heartlistener.go:45][D] Listener GC runing... 
2016/03/09 22:30:13 [heartlistener.go:45][D] Listener GC runing... 
2016/03/09 22:31:13 [heartlistener.go:45][D] Listener GC runing... 
2016/03/09 22:32:13 [heartlistener.go:45][D] Listener GC runing... 
2016/03/09 22:33:13 [heartlistener.go:45][D] Listener GC runing... 
2016/03/09 22:34:13 [heartlistener.go:45][D] Listener GC runing... 
2016/03/09 22:35:13 [heartlistener.go:45][D] Listener GC runing... 
2016/03/09 22:36:13 [heartlistener.go:45][D] Listener GC runing... 
2016/03/09 22:37:13 [heartlistener.go:45][D] Listener GC runing... 
2016/03/09 22:38:13 [heartlistener.go:45][D] Listener GC runing... 
2016/03/09 22:39:13 [heartlistener.go:45][D] Listener GC runing... 
2016/03/09 22:40:13 [heartlistener.go:45][D] Listener GC runing... 
2016/03/09 22:41:13 [heartlistener.go:45][D] Listener GC runing... 
2016/03/09 22:42:13 [heartlistener.go:45][D] Listener GC runing... 
2016/03/09 22:43:13 [heartlistener.go:45][D] Listener GC runing... 
2016/03/09 22:44:13 [heartlistener.go:45][D] Listener GC runing... 
2016/03/09 22:45:13 [heartlistener.go:45][D] Listener GC runing... 
2016/03/09 22:46:13 [heartlistener.go:45][D] Listener GC runing... 
2016/03/09 22:47:13 [heartlistener.go:45][D] Listener GC runing... 
2016/03/09 22:48:13 [heartlistener.go:45][D] Listener GC runing... 
2016/03/09 22:49:13 [heartlistener.go:45][D] Listener GC runing... 
2016/03/09 22:50:13 [heartlistener.go:45][D] Listener GC runing... 
2016/03/09 22:51:13 [heartlistener.go:45][D] Listener GC runing... 
2016/03/09 22:52:13 [heartlistener.go:45][D] Listener GC runing... 
2016/03/09 22:53:13 [heartlistener.go:45][D] Listener GC runing... 
2016/03/09 22:54:13 [heartlistener.go:45][D] Listener GC runing... 
2016/03/09 22:55:13 [heartlistener.go:45][D] Listener GC runing... 
2016/03/09 22:56:13 [heartlistener.go:45][D] Listener GC runing... 
2016/03/09 22:57:13 [heartlistener.go:45][D] Listener GC runing... 
2016/03/09 22:58:13 [heartlistener.go:45][D] Listener GC runing... 
2016/03/09 22:59:13 [heartlistener.go:45][D] Listener GC runing... 
2016/03/09 23:00:13 [heartlistener.go:45][D] Listener GC runing... 
2016/03/09 23:01:13 [heartlistener.go:45][D] Listener GC runing... 
2016/03/09 23:02:13 [heartlistener.go:45][D] Listener GC runing... 
2016/03/09 23:03:13 [heartlistener.go:45][D] Listener GC runing... 
2016/03/09 23:04:13 [heartlistener.go:45][D] Listener GC runing... 
2016/03/09 23:05:13 [heartlistener.go:45][D] Listener GC runing... 
2016/03/09 23:06:13 [heartlistener.go:45][D] Listener GC runing... 
2016/03/09 23:07:13 [heartlistener.go:45][D] Listener GC runing... 
2016/03/09 23:08:13 [heartlistener.go:45][D] Listener GC runing... 
2016/03/09 23:09:13 [heartlistener.go:45][D] Listener GC runing... 
2016/03/09 23:10:13 [heartlistener.go:45][D] Listener GC runing... 
2016/03/09 23:11:13 [heartlistener.go:45][D] Listener GC runing... 
2016/03/09 23:12:13 [heartlistener.go:45][D] Listener GC runing... 
2016/03/09 23:13:13 [heartlistener.go:45][D] Listener GC runing... 
2016/03/09 23:14:13 [heartlistener.go:45][D] Listener GC runing... 
2016/03/09 23:15:13 [heartlistener.go:45][D] Listener GC runing... 
2016/03/09 23:16:13 [heartlistener.go:45][D] Listener GC runing... 
2016/03/09 23:17:13 [heartlistener.go:45][D] Listener GC runing... 
2016/03/09 23:18:13 [heartlistener.go:45][D] Listener GC runing... 
2016/03/09 23:19:13 [heartlistener.go:45][D] Listener GC runing... 
2016/03/09 23:20:13 [heartlistener.go:45][D] Listener GC runing... 
2016/03/09 23:21:13 [heartlistener.go:45][D] Listener GC runing... 
2016/03/09 23:22:13 [heartlistener.go:45][D] Listener GC runing... 
2016/03/09 23:23:13 [heartlistener.go:45][D] Listener GC runing... 
2016/03/09 23:24:13 [heartlistener.go:45][D] Listener GC runing... 
2016/03/09 23:25:13 [heartlistener.go:45][D] Listener GC runing... 
2016/03/09 23:26:13 [heartlistener.go:45][D] Listener GC runing... 
2016/03/09 23:27:13 [heartlistener.go:45][D] Listener GC runing... 
2016/03/09 23:28:13 [heartlistener.go:45][D] Listener GC runing... 
2016/03/09 23:29:13 [heartlistener.go:45][D] Listener GC runing... 
2016/03/09 23:30:13 [heartlistener.go:45][D] Listener GC runing... 
2016/03/09 23:31:13 [heartlistener.go:45][D] Listener GC runing... 
2016/03/09 23:32:13 [heartlistener.go:45][D] Listener GC runing... 
2016/03/09 23:33:13 [heartlistener.go:45][D] Listener GC runing... 
2016/03/09 23:34:13 [heartlistener.go:45][D] Listener GC runing... 
2016/03/09 23:35:13 [heartlistener.go:45][D] Listener GC runing... 
2016/03/09 23:36:13 [heartlistener.go:45][D] Listener GC runing... 
2016/03/09 23:37:13 [heartlistener.go:45][D] Listener GC runing... 
2016/03/09 23:38:13 [heartlistener.go:45][D] Listener GC runing... 
2016/03/09 23:39:13 [heartlistener.go:45][D] Listener GC runing... 
2016/03/09 23:40:13 [heartlistener.go:45][D] Listener GC runing... 
2016/03/09 23:41:13 [heartlistener.go:45][D] Listener GC runing... 
2016/03/09 23:42:13 [heartlistener.go:45][D] Listener GC runing... 
2016/03/09 23:43:13 [heartlistener.go:45][D] Listener GC runing... 
2016/03/09 23:44:13 [heartlistener.go:45][D] Listener GC runing... 
2016/03/09 23:45:13 [heartlistener.go:45][D] Listener GC runing... 
2016/03/09 23:46:13 [heartlistener.go:45][D] Listener GC runing... 
2016/03/09 23:47:13 [heartlistener.go:45][D] Listener GC runing... 
2016/03/09 23:48:13 [heartlistener.go:45][D] Listener GC runing... 
2016/03/09 23:49:13 [heartlistener.go:45][D] Listener GC runing... 
2016/03/09 23:50:13 [heartlistener.go:45][D] Listener GC runing... 
2016/03/09 23:51:13 [heartlistener.go:45][D] Listener GC runing... 
2016/03/09 23:52:13 [heartlistener.go:45][D] Listener GC runing... 
2016/03/09 23:53:13 [heartlistener.go:45][D] Listener GC runing... 
2016/03/09 23:54:13 [heartlistener.go:45][D] Listener GC runing... 
2016/03/09 23:55:13 [heartlistener.go:45][D] Listener GC runing... 
2016/03/09 23:56:13 [heartlistener.go:45][D] Listener GC runing... 
2016/03/09 23:57:13 [heartlistener.go:45][D] Listener GC runing... 
2016/03/09 23:58:13 [heartlistener.go:45][D] Listener GC runing... 
2016/03/09 23:59:13 [heartlistener.go:45][D] Listener GC runing... 
